    1、读万卷书，行万里路。——刘彝,

　　2、黑发不知勤学早，白首方悔读书迟。——颜真卿,

　　3、书卷多情似故人，晨昏忧乐每相亲。——于谦,

　　4、书犹药也，善读之可以医愚。——刘向,

　　5、少壮不努力，老大徒伤悲。——《汉乐府·长歌行》,

　　6、莫等闲，白了少年头，空悲切！——岳飞,

　　7、发奋识遍天下字，立志读尽人间书。——苏轼,

　　8、鸟欲高飞先振翅，人求上进先读书。——李苦禅,

　　9、立志宜思真品格，读书须尽苦功夫。——阮元,

　　10、非淡泊无以明志，非宁静无以致远。——诸葛亮,

　　11、勿以恶小而为之，勿以善小而不为。——陈寿《三国志》,

　　12、熟读唐诗三百首，不会作诗也会吟。——孙洙《唐诗三百首序》,

　　13、书到用时方恨少，事非经过不知难。——陆游,

　　14、问渠那得清如许？为有源头活水来。——朱熹,

　　15、旧书不厌百回读，熟读精思子自知。——苏轼,

　　16、书痴者文必工，艺痴者技必良。——蒲松龄,

　　17、读书百遍，其义自见。——《三国志》,

　　18、立身以立学为先，立学以读书为本。——欧阳修,

　　19、书籍——通过心灵观察世界的窗口。住宅里没有书，犹如房间没有窗户。——威尔逊,

　　20、书籍是任何一种知识的基础，是任何一门学科的基础的基础——茨威格,

　　21、书籍并不是没有生命的东西，它包藏着一种生命的潜力，与作者同样地活跃。不仅如此，它还像一个宝瓶，把作者生机勃勃的智慧中最纯净的精华保存起来。——弥尔顿,

　　22、书籍是培植智慧的工具。——夸美纽斯,

　　23、书籍是最好的朋友。当生活中遇到任何困难的时候，你都可以向它求助，它永远不会背弃你。——都德,

　　24、书籍是在时代的波涛中航行的思想之船，它小心翼翼地把珍贵的货物运送给一代又一代。——培根,

　　25、书籍是造就灵魂的工具。——雨果,

　　26、书籍是最有耐心、最能忍耐和最令人愉快的伙伴。在任何艰难困苦的时刻，它都不会抛弃你。——赫尔岑,

　　27、书——这是这一代对另一代精神上的遗训，这是行将就木的老人对刚刚开始生活的年轻人的忠告，这是行将去休息的站岗人对走来接替他的岗位的站岗人的命令。——赫尔岑,

　　28、书籍是培育我们的良师，无需鞭答和根打，不用言语和训斥，不收学费，也不拘形式，对图书倾注的爱，就是对才智的爱。——德伯里,

　　29、书是随时在近旁的顾问，随时都可以供给你所需要的知识，而且可以按照你的心愿，重复这个顾问的次数。——凯勒,

　　30、一个爱书的人，他必定不致于缺少一个忠实的朋友，一个良好的老师，一个可爱的伴侣，一个温情的安慰者。——巴罗,

　　31、书籍是朋友，虽然没有热情，但是非常忠实。——雨果,

　　32、书籍是前人的经验。——拉布雷,

　　33、书籍是青年人不可分离的生活伴侣和导师。——高尔基,

　　34、书籍是全世界的营养品。生活里没有书籍，就好像没有阳光；智慧里没有书籍，就好像鸟儿没有翅膀。——莎士比亚,

　　35、书籍是少年的食物，它使老年人快乐，也是繁荣的装饰和危难的避难所，慰人心灵。在家庭成为快乐的种子，在外也不致成为障碍物，但在旅行之际，却是夜间的伴侣。——西塞罗,

　　36、理想的书籍是智慧的钥匙。——列夫·托尔斯泰,

　　37、除了野蛮国家，整个世界都被书统治着。——福尔特尔,

　　38、书籍乃世人积累智慧之长明灯。——寇第斯,

　　39、读书有三到，谓心到，眼到，口到。——朱熹,

　　40、立身以立学为先，立学以读书为本。——欧阳修,

　　41、读万卷书，行万里路。——刘彝,

　　42、黑发不知勤学早，白发方悔读书迟。——颜真卿,

　　43、书卷多情似故人，晨昏忧乐每相亲。——于谦,

　　44、书犹药也，善读之可以医愚。——刘向,

　　45、发奋识遍天下字，立志读尽人间书。——苏轼,

　　46、鸟欲高飞先振翅，人求上进先读书。——李苦禅,

　　47、立志宜思真品格，读书须尽苦功夫。——阮元,

　　48、熟读唐诗三百首，不会作诗也会吟。——孙洙《唐诗三百首序》,

　　49、书到用时方恨少，事非经过不知难。——陆游,

　　50、旧书不厌百回读，熟读精思子自知。——苏轼,

　　51、书痴者文必工，艺痴者技必良。——蒲松龄,

　　52、读书百遍，其义自见。——《三国志》,

　　53、奇文共欣赏，疑义相如析。——陶渊明,

　　54、读书之法，在循序而渐进，熟读而精思。——朱熹,

　　55、读不在三更五鼓，功只怕一曝十寒。——郭沫若,

　　56、韬略终须建新国，奋发还得读良书。——郭沫若,

　　57、饭可以一日不吃，觉可以一日不睡，书不可以一日不读。——毛泽东,

　　58、读书也像开矿一样“沙里淘金”.——赵树理,

　　59、读过一本好书，像交了一个益友。——臧克家,

　　60、聪明在于勤奋，天才在于积累。——华罗庚,

　　61、读书忌死读，死读钻牛角。——叶圣陶,

　　62、不怕读得少，只怕记不牢。——徐特立,

　　63、为中华之崛起而读书。——周恩来,

　　64、与肝胆人共事，无字句处读书。——周恩来,

　　65、阅读的最大理由是想摆脱平庸，早一天就多一份人生的精彩；迟一天就多一天平庸的困扰。——余秋雨,

　　66、如果把生活比喻为创作的意境，那么阅读就像阳光。——池莉,

　　67、读书是在别人思想的帮助下，建立起自己的思想。——鲁巴金,

　　68、经验丰富的人读书用两只眼睛，一只眼睛看到纸面上的话，另一眼睛看到纸的背面。——歌德,

　　69、读书不要贪多，而是要多加思索，这样的读书使我获益不少。——卢梭,

　　70、不读书的人，思想就会停止。——狄德罗,

　　71、读书是易事，思索是难事，但两者缺一，便全无用处。——富兰克林,

　　72、读书有三到，谓心到，眼到，口到——朱熹,

　　73、立志是读书人最要紧的一件事。——孙中山,

　　74、读书而不思考，等于吃饭而不消化。——波尔克,

　　75、读书忌死读，死读钻牛角。——叶圣陶,

　　76、至哉天下乐，终日在书案。——（宋）欧阳修,

　　77、或作或辍，一曝十寒，则虽读书百年，吾未见其可也。——（明）吴梦祥,

　　78、书到精绝潜心读；文穷情理放声吟。——《对联集锦》,

　　79、晓月闲移三尺剑；孤灯苦读五更书。——《对联集锦》,

　　80、读书给人以乐趣，给人以光彩，给人以才干。——培根,

　　81、没有求知欲的学生，就像没有翅膀的鸟儿。——萨迪,

　　82、没有比读书更廉价的娱乐，更持久的满足了。——蒙台居,

　　83、读史使人明智，读诗使人灵秀，数学使人严密，物理学家使人深刻，伦理学使人庄重，逻辑学、修辞学使人善辨；凡有学者，皆成性格。——培根,

　　84、读书不要贪多，而是要多加思索，这样的读书使我获益不少。——卢梭,

　　85、事在人为：一年可以等于二年、三年，例如每天用十七、八小时读书；反之，二、三年也可以等于一年，甚至比一年还少，例如每天只用五六小时以下读书，我决心每天用十六到十八小时翻阅中国历代文集。——蔡尚思

　　,86、一个爱书的人，他必定不致缺少一个忠实的朋友、一个良好的导师、一个可爱的伴侣、一个优婉的安慰者。——伊萨克·巴罗

　　,87、不好的书也象不好的朋友一样，可能会把你伤害。——英国谚语

　　,88、一种纯粹靠读书学来的真理，与我们的关系，就像假肢、假牙、蜡鼻子甚或人工植皮。而由独立思考获得的真理就如我们天生的四肢：只有它们才属于我们。——叔本华

　　,89、勤者读书夜达旦；青藤绕屋花连云。——《对联集锦》

　　,90、教育！科学！学会读书，便是点燃火炬；每个字的每个音节都发射火星。——雨果

　　,91、坏书如同坏朋友，能使我们堕落。——菲尔丁

　　,92、读书人不一定有知识，真正的常识是懂得知识，会思想，能工作。——徐特立

　　,93、读书，这个我们习以为常的平凡过程，实际是人的心灵和上下古今一切民族的伟大智慧相结合的过程。——高尔基

　　,94、书籍是人类知识的总统。——莎士比亚

　　,95、读书无疑者，须教有疑，有疑者，却要无疑，到这里方是长进。——朱熹

　　,96、读书贵有用；树德莫如滋。——《对联集锦》

　　,97、生命是短暂的，空余时间很少，因此我们不应把一刻空余时间耗费在阅读价值不大的书籍上。——罗斯金

　　,98、三更灯火五更鸣，正是男儿读书时，黑发不知勤学早，白发方悔读书迟。——颜真卿

　　,99、书籍是青年人不可分离的生活伴侣和导师。——高尔基

　　,100、书不成诵，无以致思索之功；书不精读，无以得义理之益。——（清）胡达源

　　,101、读书和学习是在别人思想和知识的帮助下，建立起自己的思想和知识。——普希金

　　,102、磋砣莫遗韶光老，人生惟有读书好。——《宋诗纪要》

　　,103、当一个伟大的思想作为一种福音降临这个世界时，它对于受陈规陋习羁绊的大众会成为一种冒犯，而在那些读书不少但学识不深的人看来，却是一桩蠢事。——歌德

　　,104、当我们第一遍读一本好书的时候，我们仿佛觉得找到了一个朋友；当我们再一次读这本好书的时候，仿佛又和老朋友重逢。——伏尔泰

　　,105、读书时要深思多问。只读而不想，就可能人云亦云，沦为书本的奴隶；或者走马看花，所获甚微。——王梓坤

　　,106、壮士腰间三尺剑；男儿腹中五车书。——《对联集锦》

　　,107、大抵观书须先熟读，使其言皆若出于吾之口；继以精思，使其意皆若出于吾之心，然后可以有得也。——朱熹

　　,108、读书是在别人思想的帮助下，建立起自己的思想。——鲁巴金

　　,109、不动笔墨不读书。——徐特立

　　,110、不下决心培养思考的人，便失去了生活中的最大乐趣。——爱迪生

　　,111、学习这件事不在乎有没有人教你，最重要的是在于你自己有没有觉悟和恒心。——法布尔

　　,112、学者有自立之志，当拔出流俗，不可泛泛与世浮沉。——（清）唐斌

　　,113、书籍是造就灵魂的工具。——雨果

　　,114、读书之乐何处寻，数点梅花天地心。——（宋）朱熹

　　,115、书籍备而不读，等于废纸。——（英国）谚语

　　,116、读书不是为了雄辩和驳斥，也不是为了轻信和盲从，而是为了思考和权衡。——培根

　　,117、书籍帮助我从一片烂泥塘里站了起来，如果没有书的帮助，我会被愚蠢和下流淹死。——高尔基

　　,118、养心莫若寡欲，至乐无如读书。——戚继光

　　,119、读书勿求多，岁月既积，卷帙自富。——（清）冯班

　　,120、不去读书就没有真正的教养，同时也不可能有什么鉴别力。——赫尔岑

　　,121、腹有诗书气自华，读书万卷始通神。——（宋）苏轼

　　,122、光阴给人经验，读书给人知识。

　　,123、读书对于我来说是驱散生活中的不愉快的最好手段。没有一种苦恼是读书所不能驱散的。——孟德斯鸠

　　,124、读书补天然之不足，经验又补读书之不足。——培根

　　,125、读书人上厕所时间长，那不是干肠，是在蹲坑读书；读书人最能忍受老婆的嘟嚷，也不是脾气好，是读书人入了迷两耳如塞。吃饭读书，筷子常会把烟灰缸的烟头送进口里，但不易得脚气病，因为读书时最习惯抠脚丫子。可怜都是蜘蛛般的体形，都是金鱼似的肿眼，没个倾国倾城貌，只有多愁多病身。——贾平凹

　　,126、养子莫徒使；先教勤读书。——《对联集锦》

　　,127、至乐莫如读书，至要莫如教子。——《增广贤文》

　　,128、我爱书。我常常站在书架前，这时我觉得我面前展开了一个广阔的世界，一个浩瀚的海洋，一个苍茫的宇宙。——刘白羽

　　,129、第一次读到一本好书，就象找到了一个好朋友；再一次读这本好书，就象和朋友重逢。——（法国）谚语

　　,130、书籍用得好的时候是最好的东西；滥用的时候，是最坏的东西之一。——爱默生

　　,131、明灯常作伴；益书常为朋。——《对联集锦》

　　,132、读书欲精不欲博，用心欲专不欲杂。——（宋）黄庭坚

　　,133、天子重英豪，文章教儿曹。万般皆下品，惟有读书高。——《神童诗·劝学》

　　,134、有两种人是在白白地劳动和无谓地努力：一种是积累了财富而不去使用的人，另一种是学会了科学而不去应用的人。——萨迪

　　,135、良好的方法能使我们更好地发挥运用天赋的才能，而拙劣的方法则可能阻拦才能的发挥。因此，科学中难能可贵的创造性才华，由于方法拙劣可能被削弱，甚至被扼杀；而良好的方法则会增长、促进这种才华。——贝尔纳

　　,136、一个爱书的人，他必定不致于缺少一个忠实的朋友，一个良好的老师，一个可爱的伴侣，一个温情的安慰者。——巴罗

　　,137、把学问过于用作装饰是虚假；完全依学问上的规则断事是书生的怪癖。——培根

　　,138、读书百遍，其义自现。——三国志

　　,139、读书如行路，历险毋惶恐。——《清诗铎·读书》

　　,140、积财千万，无过读书。——（南北朝）颜之推

　　,141、一日不书，百事荒芜。——（唐）李诩

　　,142、书籍是巨大的力量。——列宁

　　,143、我一生的嗜好。除了革命外，只有好读书，我一天不读书，便不能生活。——孙中山

　　,144、日出照亮大地，读书清醒头脑。——（蒙古）谚语

　　,145、节饮食以养胃，多读书以养胆。——（战国）庄周

　　,146、读未见书，如得良友；读已见书，如逢故人。——（清）左宗棠

　　,147、所有的好书，读起来就像和过去世界上最杰出的人们的谈话。——笛卡儿

　　,148、真正的读书使瞌睡者醒来，给未定目标者选择适当的目标。正当的书籍指示人以正道，使其避免误入歧途。——卡耐基

　　,149、鸟欲高飞先振翅，人求上进先读书。——李苦禅

　　,150、一本书像一艘船，带领我们从狭獈的地方，驶向生活的无限广阔的海洋。——凯勒

　　,151、不好的书告诉你错误的概念，使无知者变得更无知。——别林斯基

　　,152、交一个读书破万卷的邪士，不如交一个不识一字的端人。——《格言联璧》

　　,153、读书，这个我们习以为常的平凡过程，实际上是人们心灵和上下古今一切民族的伟大智慧相结合的过程。——高尔基

　　,154、当你还不能对自己说今天学到了什么东西时，你就不要去睡觉。有时候我们从别人的错误中学到的东西，可能要比从他们的优点中学到的东西更多。——朗费罗

　　,155、生活中没有书籍，就好像没有阳光；生活中没有书籍，就好像鸟儿没了翅膀。——莎士比亚

　　,156、书籍是最有耐心、最能忍耐和最令人愉快的伙伴。在任何艰难困苦的时刻，它都不会抛弃你。——史美尔斯

　　,157、夫读书将以何为哉？辨其大义，以修己治人之体也，察其微言，以善精义入神之用也。——王夫之

　　,158、学如才识，不日进，则日退。——（清）左宗棠

　　,159、风声雨声读书声，声声入耳；家事国事天下事，事事关心。——顾宪成

　　,160、读书即未成名，究竟人高品雅。修德不期获报，自然梦稳心安。——《对联集锦》

　　,161、在读书上，数量并不列于首要，重要的是书的品质与所引起的思索的程度。——富兰克林

　　,162、用心念书，是为了避免成为不中用的人。——纪伯伦

　　,163、我们读书时，是别人在代替我们思想，我们只不过重复他的思想活动的过程而已，犹如儿童启蒙习字时，用笔按照教师以铅笔所写的笔画依样画葫芦一般。我们的思想活动在读书时被免除了一大部分。因此，我们暂不自行思索而拿书来读时，会觉得很轻松，然而在读书时，我们的头脑实际上成为别人思想的运动场了。所以，读书愈多，或整天沉浸读书的人，虽然可借以休养精神，但他的思维能力必将渐次丧失，此犹如时常骑马的人步行能力必定较差，道理相同。——叔本华

　　,164、读书是最好的学习。追随伟大人物的思想，是最富有趣味的一门科学。——普希金

　　,165、我们可以由读书搜集知识，但必须利用思考把糠和麦子分开。——富斯德

　　,166、阅读一本不适合自己阅读的书，比不阅读还要坏。我们必须学会这样一种本领：选择最有价值、最适合自己所需要的读物。——别林斯基

　　,167、我读书总是以少为贵，从不贪多。不怕读得少，只怕记不牢。——徐特立

　　,168、书籍是思想的航船，在时代的波涛中破浪前进。它满载贵重的货物，运送给一代又一代。——培根

　　,169、韬略终须建新国，奋发还得读良书。——郭沫若

　　,170、旦旦而学之，久而不怠焉，迄乎成。——（清）彭瑞淑

　　,171、读书可以培养一个完人，谈话可以训练一个敏捷的人，而写作则可造就一个准确的人。——培根

　　,172、读书使人成为完善的人。——培根

　　,173、奇文共欣赏，疑义相如析——陶渊明

　　,174、读书是最好的学习，追随伟大人物的思想，是富有趣味的事情啊。——普希金

　　,175、少年读书，如隙中窥月；中年读书，如庭中望月；老年读书，如台上玩月。皆以阅历之深浅，为所得之深浅耳。——张潮

　　,176、为学之道，莫先于穷理；穷理之要，必先于读书。——朱熹（名人名言）